<?xml version="1.0" encoding="UTF-8"?>
<testsuite name="uk.tw.energy.service.MeterReadingServiceTest" tests="2" skipped="0" failures="0" errors="0" timestamp="2023-12-10T06:14:07" hostname="LAPTOP-MUDIT-ID" time="0.003">
  <properties/>
  <testcase name="givenMeterIdThatDoesNotExistShouldReturnNull()" classname="uk.tw.energy.service.MeterReadingServiceTest" time="0.002"/>
  <testcase name="givenMeterReadingThatExistsShouldReturnMeterReadings()" classname="uk.tw.energy.service.MeterReadingServiceTest" time="0.001"/>
  <system-out><![CDATA[]]></system-out>
  <system-err><![CDATA[]]></system-err>
</testsuite>
