<?xml version="1.0" encoding="UTF-8"?>
<testsuite name="uk.tw.energy.service.AccountServiceTest" tests="1" skipped="0" failures="0" errors="0" timestamp="2023-12-10T06:14:07" hostname="LAPTOP-MUDIT-ID" time="0.0">
  <properties/>
  <testcase name="givenTheSmartMeterIdReturnsThePricePlanId()" classname="uk.tw.energy.service.AccountServiceTest" time="0.0"/>
  <system-out><![CDATA[]]></system-out>
  <system-err><![CDATA[]]></system-err>
</testsuite>
